<?xml version="1.0" encoding="UTF-8"?>
<testng-results total="1" passed="1" failed="0" skipped="0">
  <reporter-output>
  </reporter-output>
  <suite started-at="2018-09-29T04:29:46Z" name="Amazon API Automation Script " finished-at="2018-09-29T04:29:59Z" duration-ms="13060">
    <groups>
    </groups>
    <test started-at="2018-09-29T04:29:46Z" name="Search Test" finished-at="2018-09-29T04:29:59Z" duration-ms="13060">
      <class name="search.InputSearch">
        <test-method is-config="true" signature="setUp(java.lang.String)[pri:0, instance:search.InputSearch@43c1b556]" started-at="2018-09-29T00:29:46Z" name="setUp" finished-at="2018-09-29T00:29:57Z" duration-ms="11101" status="PASS">
          <params>
            <param index="0">
              <value>
                <![CDATA[https://www.amazon.com]]>
              </value>
            </param>
          </params>
          <reporter-output>
          </reporter-output>
        </test-method> <!-- setUp -->
        <test-method signature="search()[pri:0, instance:search.InputSearch@43c1b556]" started-at="2018-09-29T00:29:57Z" name="search" finished-at="2018-09-29T00:29:57Z" duration-ms="61" status="PASS">
          <reporter-output>
          </reporter-output>
        </test-method> <!-- search -->
        <test-method is-config="true" signature="cleanUp()[pri:0, instance:search.InputSearch@43c1b556]" started-at="2018-09-29T00:29:57Z" name="cleanUp" finished-at="2018-09-29T00:29:59Z" duration-ms="1890" status="PASS">
          <reporter-output>
          </reporter-output>
        </test-method> <!-- cleanUp -->
      </class> <!-- search.InputSearch -->
    </test> <!-- Search Test -->
  </suite> <!-- Amazon API Automation Script  -->
</testng-results>
