<?xml version="1.0" encoding="UTF-8"?>
<testsuite xmlns:xsi="http://www.w3.org/2001/XMLSchema-instance" xsi:noNamespaceSchemaLocation="https://maven.apache.org/surefire/maven-surefire-plugin/xsd/surefire-test-report.xsd" name="TestSuite" time="11.236" tests="1" errors="0" skipped="0" failures="1">
  <properties>
[...]
</properties>
  <testcase name="searchXlsData" classname="search.SearchByXlsFromHomepageTest" time="0.042">
    <failure message="Amazon\data\filename (The system cannot find the path specified)" type="java.io.FileNotFoundException">java.io.FileNotFoundException: Amazon\data\filename (The system cannot find the path specified)
	at search.SearchByXlsFromHomepageTest.searchXlsData(SearchByXlsFromHomepageTest.java:14)
</failure>
    <system-err><![CDATA[1538501082802	mozrunner::runner	INFO	Running command: "C:\\Program Files\\Mozilla Firefox\\firefox.exe" "-marionette" "-foreground" "-no-remote" "-profile" "C:\\Users\\himel\\AppData\\Local\\Temp\\rust_mozprofile.tOfolEGWHk5m"
1538501084613	Marionette	INFO	Listening on port 61147
1538501084913	Marionette	WARN	TLS certificate errors will be ignored for this session
1538501084948	Marionette	DEBUG	[6442450945] Frame script loaded
1538501084949	Marionette	DEBUG	[6442450945] Frame script registered
Oct 02, 2018 1:24:44 PM org.openqa.selenium.remote.ProtocolHandshake createSession
INFO: Detected dialect: W3C
1538501085035	Marionette	DEBUG	[6442450945] Received DOM event beforeunload for about:blank
1538501086415	Marionette	DEBUG	[6442450945] Received DOM event pagehide for about:blank
1538501087579	Marionette	DEBUG	[6442450945] Received DOM event DOMContentLoaded for https://www.amazon.com/
1538501091380	Marionette	DEBUG	[6442450945] Received DOM event pageshow for https://www.amazon.com/
]]></system-err>
  </testcase>
</testsuite>