-------------------------------------------------------------------------------
Test set: TestSuite
-------------------------------------------------------------------------------
Tests run: 1, Failures: 1, Errors: 0, Skipped: 0, Time elapsed: 11.236 s <<< FAILURE! - in TestSuite
searchXlsData(search.SearchByXlsFromHomepageTest)  Time elapsed: 0.042 s  <<< FAILURE!
java.io.FileNotFoundException: Amazon\data\filename (The system cannot find the path specified)
	at search.SearchByXlsFromHomepageTest.searchXlsData(SearchByXlsFromHomepageTest.java:14)

